<?xml version="1.0" encoding="UTF-8"?>
<!-- Generated by org.testng.reporters.JUnitReportReporter -->
<testsuite skipped="0" hostname="LAPTOP-06IB4115" name="Methods.Repeat2" tests="3" failures="0" timestamp="2021-06-18T18:51:09 IST" time="0.012" errors="0">
  <testcase name="verifyName1" time="0.003" classname="Methods.Repeat2"/>
  <system-out>
runnning 3  </system-out>
  <testcase name="verifyName2" time="0.002" classname="Methods.Repeat2"/>
  <system-out>
runnning 3a  </system-out>
  <testcase name="verifyName" time="0.007" classname="Methods.Repeat2"/>
  <system-out>
runnning 3  </system-out>
</testsuite> <!-- Methods.Repeat2 -->
